<?xml version="1.0" encoding="UTF-8" ?>
<testsuite tests="9" failures="0" name="io.grpc.examples.routeguide.RouteGuideClientTest" time="0.041" errors="0" skipped="0">
  <properties>
[...]
</properties>
  <testcase classname="io.grpc.examples.routeguide.RouteGuideClientTest" name="recordRoute_serverError" time="0.006"/>
  <testcase classname="io.grpc.examples.routeguide.RouteGuideClientTest" name="routeChat_echoResponse" time="0.006"/>
  <testcase classname="io.grpc.examples.routeguide.RouteGuideClientTest" name="routeChat_simpleResponse" time="0.005"/>
  <testcase classname="io.grpc.examples.routeguide.RouteGuideClientTest" name="getFeature" time="0.002"/>
  <testcase classname="io.grpc.examples.routeguide.RouteGuideClientTest" name="routeChat_errorResponse" time="0.003"/>
  <testcase classname="io.grpc.examples.routeguide.RouteGuideClientTest" name="listFeatures" time="0.011"/>
  <testcase classname="io.grpc.examples.routeguide.RouteGuideClientTest" name="recordRoute" time="0.004"/>
  <testcase classname="io.grpc.examples.routeguide.RouteGuideClientTest" name="listFeatures_error" time="0.002"/>
  <testcase classname="io.grpc.examples.routeguide.RouteGuideClientTest" name="getFeature_error" time="0.002"/>
</testsuite>